#
# There is insufficient memory for the Java Runtime Environment to continue.
# Native memory allocation (mmap) failed to map 123731968 bytes for G1 virtual space
# Possible reasons:
#   The system is out of physical RAM or swap space
#   The process is running with CompressedOops enabled, and the Java Heap may be blocking the growth of the native heap
# Possible solutions:
#   Reduce memory load on the system
#   Increase physical memory or swap space
#   Check if swap backing store is full
#   Decrease Java heap size (-Xmx/-Xms)
#   Decrease number of Java threads
#   Decrease Java thread stack sizes (-Xss)
#   Set larger code cache with -XX:ReservedCodeCacheSize=
#   JVM is running with Unscaled Compressed Oops mode in which the Java heap is
#     placed in the first 4GB address space. The Java Heap base address is the
#     maximum limit for the native heap growth. Please use -XX:HeapBaseMinAddress
#     to set the Java Heap base and to place the Java Heap above 4GB virtual address.
# This output file may be truncated or incomplete.
#
#  Out of Memory Error (os_windows.cpp:3536), pid=45956, tid=51520
#
# JRE version:  (19.0.2+7) (build )
# Java VM: Java HotSpot(TM) 64-Bit Server VM (19.0.2+7-44, mixed mode, sharing, tiered, compressed oops, compressed class ptrs, g1 gc, windows-amd64)
# No core dump will be written. Minidumps are not enabled by default on client versions of Windows
#

---------------  S U M M A R Y ------------

Command Line: -Dfile.encoding=UTF-8 --enable-preview --module-path=C:\Users\gaura\OneDrive\Documents\NetBeansProjects\EventManagementSystem\build\classes eventmanagementsystem.Items

Host: AMD Ryzen 5 5500U with Radeon Graphics         , 12 cores, 7G,  Windows 11 , 64 bit Build 22621 (10.0.22621.2506)
Time: Tue Dec 19 23:22:19 2023 India Standard Time elapsed time: 0.029547 seconds (0d 0h 0m 0s)

---------------  T H R E A D  ---------------

Current thread (0x0000027f12d36410):  JavaThread "Unknown thread" [_thread_in_vm, id=51520, stack(0x0000008f44f00000,0x0000008f45000000)]

Stack: [0x0000008f44f00000,0x0000008f45000000]
Native frames: (J=compiled Java code, j=interpreted, Vv=VM code, C=native code)
V  [jvm.dll+0x6ee21a]
V  [jvm.dll+0x85765e]
V  [jvm.dll+0x85904e]
V  [jvm.dll+0x859703]
V  [jvm.dll+0x28298f]
V  [jvm.dll+0x6eb009]
V  [jvm.dll+0x6dfbaa]
V  [jvm.dll+0x3573f6]
V  [jvm.dll+0x35ee56]
V  [jvm.dll+0x3b541e]
V  [jvm.dll+0x3b564f]
V  [jvm.dll+0x32c9ea]
V  [jvm.dll+0x32d89e]
V  [jvm.dll+0x821780]
V  [jvm.dll+0x3c2661]
V  [jvm.dll+0x801f51]
V  [jvm.dll+0x44ae8f]
V  [jvm.dll+0x44c811]
C  [jli.dll+0x5287]
C  [ucrtbase.dll+0x29363]
C  [KERNEL32.DLL+0x1257d]
C  [ntdll.dll+0x5aa58]


---------------  P R O C E S S  ---------------

Threads class SMR info:
_java_thread_list=0x00007ff955dbd048, length=0, elements={
}

Java Threads: ( => current thread )

Other Threads:
  0x0000027f12d92fe0 WorkerThread "GC Thread#0" [stack: 0x0000008f45000000,0x0000008f45100000] [id=45332]
  0x0000027f12da2b60 ConcurrentGCThread "G1 Main Marker" [stack: 0x0000008f45100000,0x0000008f45200000] [id=51580]
  0x0000027f12da3590 WorkerThread "G1 Conc#0" [stack: 0x0000008f45200000,0x0000008f45300000] [id=51500]

[error occurred during error reporting (printing all threads), id 0xc0000005, EXCEPTION_ACCESS_VIOLATION (0xc0000005) at pc=0x00007ff95557d427]

VM state: not at safepoint (not fully initialized)

VM Mutex/Monitor currently owned by a thread:  ([mutex/lock_event])
[0x0000027f12d31370] Heap_lock - owner thread: 0x0000027f12d36410

Heap address: 0x000000008ac00000, size: 1876 MB, Compressed Oops mode: 32-bit

CDS archive(s) mapped at: [0x0000000000000000-0x0000000000000000-0x0000000000000000), size 0, SharedBaseAddress: 0x0000000800000000, ArchiveRelocationMode: 0.
Narrow klass base: 0x0000000000000000, Narrow klass shift: 0, Narrow klass range: 0x0

GC Precious Log:
 CardTable entry size: 512
 Card Set container configuration: InlinePtr #cards 5 size 8 Array Of Cards #cards 12 size 40 Howl #buckets 4 coarsen threshold 1843 Howl Bitmap #cards 512 size 80 coarsen threshold 460 Card regions per heap region 1 cards per card region 2048

Heap:
 garbage-first heap   total 0K, used 0K [0x000000008ac00000, 0x0000000100000000)
  region size 1024K, 0 young (0K), 0 survivors (0K)

[error occurred during error reporting (printing heap information), id 0xc0000005, EXCEPTION_ACCESS_VIOLATION (0xc0000005) at pc=0x00007ff955986649]

GC Heap History (0 events):
No events

Dll operation events (1 events):
Event: 0.020 Loaded shared library C:\Program Files\Java\jdk-19\bin\java.dll

Deoptimization events (0 events):
No events

Classes loaded (0 events):
No events

Classes unloaded (0 events):
No events

Classes redefined (0 events):
No events

Internal exceptions (0 events):
No events

VM Operations (0 events):
No events

Events (0 events):
No events


Dynamic libraries:
0x00007ff64fc50000 - 0x00007ff64fc60000 	C:\Program Files\Java\jdk-19\bin\java.exe
0x00007ff9c8590000 - 0x00007ff9c87a7000 	C:\WINDOWS\SYSTEM32\ntdll.dll
0x00007ff9c7160000 - 0x00007ff9c7224000 	C:\WINDOWS\System32\KERNEL32.DLL
0x00007ff9c5bc0000 - 0x00007ff9c5f65000 	C:\WINDOWS\System32\KERNELBASE.dll
0x00007ff9c61c0000 - 0x00007ff9c62d1000 	C:\WINDOWS\System32\ucrtbase.dll
0x00007ff9b3d60000 - 0x00007ff9b3d78000 	C:\Program Files\Java\jdk-19\bin\jli.dll
0x00007ff9b5eb0000 - 0x00007ff9b5ecb000 	C:\Program Files\Java\jdk-19\bin\VCRUNTIME140.dll
0x00007ff9c6c30000 - 0x00007ff9c6ce1000 	C:\WINDOWS\System32\ADVAPI32.dll
0x00007ff9c6cf0000 - 0x00007ff9c6d97000 	C:\WINDOWS\System32\msvcrt.dll
0x00007ff9c6f90000 - 0x00007ff9c7036000 	C:\WINDOWS\System32\sechost.dll
0x00007ff9c6640000 - 0x00007ff9c6757000 	C:\WINDOWS\System32\RPCRT4.dll
0x00007ff9c6490000 - 0x00007ff9c663e000 	C:\WINDOWS\System32\USER32.dll
0x00007ff9c5900000 - 0x00007ff9c5926000 	C:\WINDOWS\System32\win32u.dll
0x00007ff9c76d0000 - 0x00007ff9c76f9000 	C:\WINDOWS\System32\GDI32.dll
0x00007ff9aabe0000 - 0x00007ff9aae73000 	C:\WINDOWS\WinSxS\amd64_microsoft.windows.common-controls_6595b64144ccf1df_6.0.22621.2506_none_270c5ae97388e100\COMCTL32.dll
0x00007ff9c60a0000 - 0x00007ff9c61b9000 	C:\WINDOWS\System32\gdi32full.dll
0x00007ff9c5b20000 - 0x00007ff9c5bba000 	C:\WINDOWS\System32\msvcp_win.dll
0x00007ff9be550000 - 0x00007ff9be55a000 	C:\WINDOWS\SYSTEM32\VERSION.dll
0x00007ff9c6770000 - 0x00007ff9c67a1000 	C:\WINDOWS\System32\IMM32.DLL
0x00007ff9b5ea0000 - 0x00007ff9b5eac000 	C:\Program Files\Java\jdk-19\bin\vcruntime140_1.dll
0x00007ff95ab40000 - 0x00007ff95abce000 	C:\Program Files\Java\jdk-19\bin\msvcp140.dll
0x00007ff955240000 - 0x00007ff955f00000 	C:\Program Files\Java\jdk-19\bin\server\jvm.dll
0x00007ff9a7f30000 - 0x00007ff9a7f39000 	C:\WINDOWS\SYSTEM32\WSOCK32.dll
0x00007ff9c80e0000 - 0x00007ff9c8151000 	C:\WINDOWS\System32\WS2_32.dll
0x00007ff9be120000 - 0x00007ff9be154000 	C:\WINDOWS\SYSTEM32\WINMM.dll
0x00007ff9c4900000 - 0x00007ff9c4918000 	C:\WINDOWS\SYSTEM32\kernel.appcore.dll
0x00007ff9b1590000 - 0x00007ff9b159a000 	C:\Program Files\Java\jdk-19\bin\jimage.dll
0x00007ff9b5ba0000 - 0x00007ff9b5dd3000 	C:\WINDOWS\SYSTEM32\DBGHELP.DLL
0x00007ff9c8160000 - 0x00007ff9c84e9000 	C:\WINDOWS\System32\combase.dll
0x00007ff9c6da0000 - 0x00007ff9c6e77000 	C:\WINDOWS\System32\OLEAUT32.dll
0x00007ff9b4490000 - 0x00007ff9b44c2000 	C:\WINDOWS\SYSTEM32\dbgcore.DLL
0x00007ff9c5930000 - 0x00007ff9c59aa000 	C:\WINDOWS\System32\bcryptPrimitives.dll
0x00007ff99abe0000 - 0x00007ff99ac06000 	C:\Program Files\Java\jdk-19\bin\java.dll

dbghelp: loaded successfully - version: 4.0.5 - missing functions: none
symbol engine: initialized successfully - sym options: 0x614 - pdb path: .;C:\Program Files\Java\jdk-19\bin;C:\WINDOWS\SYSTEM32;C:\WINDOWS\WinSxS\amd64_microsoft.windows.common-controls_6595b64144ccf1df_6.0.22621.2506_none_270c5ae97388e100;C:\Program Files\Java\jdk-19\bin\server

VM Arguments:
jvm_args: -Dfile.encoding=UTF-8 --enable-preview --module-path=C:\Users\gaura\OneDrive\Documents\NetBeansProjects\EventManagementSystem\build\classes 
java_command: eventmanagementsystem.Items
java_class_path (initial): C:\Users\gaura\Downloads\mysql-connector-java-8.0.28.jar;C:\Users\gaura\OneDrive\Documents\NetBeansProjects\EventManagementSystem\build\classes
Launcher Type: SUN_STANDARD

[Global flags]
     intx CICompilerCount                          = 4                                         {product} {ergonomic}
     uint ConcGCThreads                            = 3                                         {product} {ergonomic}
     uint G1ConcRefinementThreads                  = 10                                        {product} {ergonomic}
   size_t G1HeapRegionSize                         = 1048576                                   {product} {ergonomic}
    uintx GCDrainStackTargetSize                   = 64                                        {product} {ergonomic}
   size_t InitialHeapSize                          = 123731968                                 {product} {ergonomic}
   size_t MarkStackSize                            = 4194304                                   {product} {ergonomic}
   size_t MaxHeapSize                              = 1967128576                                {product} {ergonomic}
   size_t MinHeapDeltaBytes                        = 1048576                                   {product} {ergonomic}
   size_t MinHeapSize                              = 8388608                                   {product} {ergonomic}
    uintx NonNMethodCodeHeapSize                   = 5839372                                {pd product} {ergonomic}
    uintx NonProfiledCodeHeapSize                  = 122909434                              {pd product} {ergonomic}
    uintx ProfiledCodeHeapSize                     = 122909434                              {pd product} {ergonomic}
    uintx ReservedCodeCacheSize                    = 251658240                              {pd product} {ergonomic}
     bool SegmentedCodeCache                       = true                                      {product} {ergonomic}
   size_t SoftMaxHeapSize                          = 1967128576                             {manageable} {ergonomic}
     bool UseCompressedClassPointers               = true                           {product lp64_product} {ergonomic}
     bool UseCompressedOops                        = true                           {product lp64_product} {ergonomic}
     bool UseG1GC                                  = true                                      {product} {ergonomic}
     bool UseLargePagesIndividualAllocation        = false                                  {pd product} {ergonomic}

Logging:
Log output configuration:
 #0: stdout all=warning uptime,level,tags foldmultilines=false
 #1: stderr all=off uptime,level,tags foldmultilines=false

Environment Variables:
PATH=C:\Program Files\Python311\Scripts\;C:\Program Files\Python311\;C:\Program Files\Common Files\Oracle\Java\javapath;C:\WINDOWS\system32;C:\WINDOWS;C:\WINDOWS\System32\Wbem;C:\WINDOWS\System32\WindowsPowerShell\v1.0\;C:\WINDOWS\System32\OpenSSH\;C:\MinGW\bin;D:\src\flutter\bin;C:\Program Files (x86)\Windows Kits\10\Windows Performance Toolkit\;C:\Program Files (x86)\Incredibuild;C:\Program Files\Git\cmd;C:\Program Files\MySQL\MySQL Shell 8.0\bin\;C:\Users\gaura\AppData\Local\Microsoft\WindowsApps;C:\Users\gaura\AppData\Local\Programs\Microsoft VS Code\bin;C:\msys64\mingw64\bin;C:\Program Files\JetBrains\IntelliJ IDEA Community Edition 2022.3.2\bin;;D:\src\flutter\bin;
USERNAME=gaura
OS=Windows_NT
PROCESSOR_IDENTIFIER=AMD64 Family 23 Model 104 Stepping 1, AuthenticAMD
TMP=C:\Users\gaura\AppData\Local\Temp
TEMP=C:\Users\gaura\AppData\Local\Temp



---------------  S Y S T E M  ---------------

OS:
 Windows 11 , 64 bit Build 22621 (10.0.22621.2506)
OS uptime: 26 days 3:42 hours
Hyper-V role detected

CPU: total 12 (initial active 12) (12 cores per cpu, 2 threads per core) family 23 model 104 stepping 1 microcode 0x0, cx8, cmov, fxsr, ht, mmx, 3dnowpref, sse, sse2, sse3, ssse3, sse4a, sse4.1, sse4.2, popcnt, lzcnt, tsc, tscinvbit, avx, avx2, aes, clmul, bmi1, bmi2, adx, sha, fma, vzeroupper, clflush, clflushopt, hv, rdtscp, rdpid

Memory: 4k page, system-wide physical 7502M (546M free)
TotalPageFile size 30030M (AvailPageFile size 70M)
current process WorkingSet (physical memory assigned to process): 11M, peak: 11M
current process commit charge ("private bytes"): 64M, peak: 182M

vm_info: Java HotSpot(TM) 64-Bit Server VM (19.0.2+7-44) for windows-amd64 JRE (19.0.2+7-44), built on 2022-11-30T18:02:09Z by "mach5one" with MS VC++ 17.1 (VS2022)

END.
